<?xml version="1.0" encoding="UTF-8"?>
<testng-results skipped="0" failed="0" ignored="0" total="2" passed="2">
  <reporter-output>
  </reporter-output>
  <suite name="Default suite" duration-ms="21249" started-at="2019-08-02T13:49:10Z" finished-at="2019-08-02T13:49:31Z">
    <groups>
    </groups>
    <test name="Default test" duration-ms="21249" started-at="2019-08-02T13:49:10Z" finished-at="2019-08-02T13:49:31Z">
      <class name="com.atmecs.atmecsqa.pages.ContactUsPage">
        <test-method status="PASS" signature="getContactUsPage()[pri:1, instance:com.atmecs.atmecsqa.pages.ContactUsPage@2b98378d]" name="getContactUsPage" duration-ms="17774" started-at="2019-08-02T13:49:10Z" finished-at="2019-08-02T13:49:28Z">
          <reporter-output>
          </reporter-output>
        </test-method> <!-- getContactUsPage -->
        <test-method status="PASS" signature="ContactUs()[pri:2, instance:com.atmecs.atmecsqa.pages.ContactUsPage@2b98378d]" name="ContactUs" duration-ms="3437" started-at="2019-08-02T13:49:28Z" finished-at="2019-08-02T13:49:31Z">
          <reporter-output>
          </reporter-output>
        </test-method> <!-- ContactUs -->
      </class> <!-- com.atmecs.atmecsqa.pages.ContactUsPage -->
    </test> <!-- Default test -->
  </suite> <!-- Default suite -->
</testng-results>
