<?xml version="1.0" encoding="UTF-8"?>
<testsuite xmlns:xsi="http://www.w3.org/2001/XMLSchema-instance" xsi:noNamespaceSchemaLocation="https://maven.apache.org/surefire/maven-surefire-plugin/xsd/surefire-test-report-3.0.xsd" version="3.0" name="TestSuite" time="253.697" tests="3" errors="0" skipped="0" failures="0">
  <properties>
[...]
</properties>
  <testcase name="purchaseblack_tshirt" classname="com.atmecs.toolsqademoshop.testscript.PurchasedProductGrandTotalValidation" time="16.6"/>
  <testcase name="getaccountprotal" classname="com.atmecs.toolsqademoshop.testscript.ShopAccount" time="5.568"/>
  <testcase name="purchasedProdGrandTotalValidationAfterRemovalOneProduct" classname="com.atmecs.toolsqademoshop.testscript.PurchasedProductGrandTotalValidationAfterRemovalOneProduct" time="25.713"/>
</testsuite>