<?xml version="1.0" encoding="UTF-8"?>
<testng-results skipped="0" failed="0" ignored="0" total="3" passed="3">
  <reporter-output>
  </reporter-output>
  <suite name="Suite" duration-ms="105678" started-at="2019-08-27T09:39:49Z" finished-at="2019-08-27T09:41:34Z">
    <groups>
    </groups>
    <test name="Test" duration-ms="105678" started-at="2019-08-27T09:39:49Z" finished-at="2019-08-27T09:41:34Z">
      <class name="com.atmecs.toolsqademoshop.testscript.PurchasedProductGrandTotalValidationAfterRemovalOneProduct">
        <test-method status="PASS" signature="openBrowser()[pri:0, instance:com.atmecs.toolsqademoshop.testscript.PurchasedProductGrandTotalValidationAfterRemovalOneProduct@234bef66]" name="openBrowser" is-config="true" duration-ms="14590" started-at="2019-08-27T09:40:50Z" finished-at="2019-08-27T09:41:05Z">
          <reporter-output>
          </reporter-output>
        </test-method> <!-- openBrowser -->
        <test-method status="PASS" signature="purchasedProdGrandTotalValidationAfterRemovalOneProduct()[pri:0, instance:com.atmecs.toolsqademoshop.testscript.PurchasedProductGrandTotalValidationAfterRemovalOneProduct@234bef66]" name="purchasedProdGrandTotalValidationAfterRemovalOneProduct" duration-ms="27672" started-at="2019-08-27T09:41:05Z" finished-at="2019-08-27T09:41:33Z">
          <reporter-output>
          </reporter-output>
        </test-method> <!-- purchasedProdGrandTotalValidationAfterRemovalOneProduct -->
        <test-method status="PASS" signature="quitBrowser()[pri:0, instance:com.atmecs.toolsqademoshop.testscript.PurchasedProductGrandTotalValidationAfterRemovalOneProduct@234bef66]" name="quitBrowser" is-config="true" duration-ms="1657" started-at="2019-08-27T09:41:33Z" finished-at="2019-08-27T09:41:34Z">
          <reporter-output>
          </reporter-output>
        </test-method> <!-- quitBrowser -->
      </class> <!-- com.atmecs.toolsqademoshop.testscript.PurchasedProductGrandTotalValidationAfterRemovalOneProduct -->
      <class name="com.atmecs.toolsqademoshop.testscript.PurchasedProductGrandTotalValidation">
        <test-method status="PASS" signature="openBrowser()[pri:0, instance:com.atmecs.toolsqademoshop.testscript.PurchasedProductGrandTotalValidation@2096442d]" name="openBrowser" is-config="true" duration-ms="19174" started-at="2019-08-27T09:39:49Z" finished-at="2019-08-27T09:40:08Z">
          <reporter-output>
          </reporter-output>
        </test-method> <!-- openBrowser -->
        <test-method status="PASS" signature="purchaseblack_tshirt()[pri:0, instance:com.atmecs.toolsqademoshop.testscript.PurchasedProductGrandTotalValidation@2096442d]" name="purchaseblack_tshirt" duration-ms="21391" started-at="2019-08-27T09:40:08Z" finished-at="2019-08-27T09:40:29Z">
          <reporter-output>
          </reporter-output>
        </test-method> <!-- purchaseblack_tshirt -->
        <test-method status="PASS" signature="quitBrowser()[pri:0, instance:com.atmecs.toolsqademoshop.testscript.PurchasedProductGrandTotalValidation@2096442d]" name="quitBrowser" is-config="true" duration-ms="1186" started-at="2019-08-27T09:40:29Z" finished-at="2019-08-27T09:40:31Z">
          <reporter-output>
          </reporter-output>
        </test-method> <!-- quitBrowser -->
      </class> <!-- com.atmecs.toolsqademoshop.testscript.PurchasedProductGrandTotalValidation -->
      <class name="com.atmecs.toolsqademoshop.testscript.ShopAccount">
        <test-method status="PASS" signature="openBrowser()[pri:0, instance:com.atmecs.toolsqademoshop.testscript.ShopAccount@9f70c54]" name="openBrowser" is-config="true" duration-ms="13995" started-at="2019-08-27T09:40:31Z" finished-at="2019-08-27T09:40:45Z">
          <reporter-output>
          </reporter-output>
        </test-method> <!-- openBrowser -->
        <test-method status="PASS" signature="getaccountprotal()[pri:0, instance:com.atmecs.toolsqademoshop.testscript.ShopAccount@9f70c54]" name="getaccountprotal" duration-ms="4742" started-at="2019-08-27T09:40:45Z" finished-at="2019-08-27T09:40:49Z">
          <reporter-output>
          </reporter-output>
        </test-method> <!-- getaccountprotal -->
        <test-method status="PASS" signature="quitBrowser()[pri:0, instance:com.atmecs.toolsqademoshop.testscript.ShopAccount@9f70c54]" name="quitBrowser" is-config="true" duration-ms="1243" started-at="2019-08-27T09:40:49Z" finished-at="2019-08-27T09:40:50Z">
          <reporter-output>
          </reporter-output>
        </test-method> <!-- quitBrowser -->
      </class> <!-- com.atmecs.toolsqademoshop.testscript.ShopAccount -->
    </test> <!-- Test -->
  </suite> <!-- Suite -->
</testng-results>
