<?xml version="1.0" encoding="UTF-8"?>
<!-- Generated by org.testng.reporters.JUnitXMLReporter -->
<testsuite hostname="ATMECSINDT-068" ignored="0" name="IE" tests="1" failures="1" timestamp="02 Aug 2019 06:00:58 GMT" time="0.011" errors="0">
  <testcase name="get" time="0.002" classname="com.atmecs.atmecsqa.testscript.partners">
    <failure type="java.lang.NullPointerException">
      <![CDATA[java.lang.NullPointerException
at com.atmecs.atmecsqa.constants.Constants.getpath(Constants.java:29)
at com.atmecs.atmecsqa.constants.Constants.goToPartners(Constants.java:36)
at com.atmecs.atmecsqa.testscript.partners.get(partners.java:12)
... Removed 25 stack frames]]>
    </failure>
  </testcase> <!-- get -->
</testsuite> <!-- IE -->
