<?xml version="1.0" encoding="UTF-8"?>
<testng-results skipped="0" failed="0" ignored="0" total="1" passed="1">
  <reporter-output>
  </reporter-output>
  <suite name="Default suite" duration-ms="13191" started-at="2019-08-07T10:21:17Z" finished-at="2019-08-07T10:21:31Z">
    <groups>
    </groups>
    <test name="Default test" duration-ms="13191" started-at="2019-08-07T10:21:17Z" finished-at="2019-08-07T10:21:31Z">
      <class name="com.atmecs.atmecsqa.testscript.AboutUs">
        <test-method status="PASS" signature="getAboutUsPage()[pri:0, instance:com.atmecs.atmecsqa.testscript.AboutUs@523884b2]" name="getAboutUsPage" duration-ms="13156" started-at="2019-08-07T10:21:17Z" finished-at="2019-08-07T10:21:31Z">
          <reporter-output>
          </reporter-output>
        </test-method> <!-- getAboutUsPage -->
      </class> <!-- com.atmecs.atmecsqa.testscript.AboutUs -->
    </test> <!-- Default test -->
  </suite> <!-- Default suite -->
</testng-results>
