<?xml version="1.0" encoding="UTF-8"?>
<!-- Generated by org.testng.reporters.JUnitXMLReporter -->
<testsuite hostname="ATMECSINDT-068" ignored="0" name="Test" tests="1" failures="1" timestamp="07 Aug 2019 08:41:46 GMT" time="43.343" errors="0">
  <testcase name="validateAllPages" time="43.311" classname="com.atmecs.atmecsqa.testscript.AllPages">
    <failure type="java.io.FileNotFoundException" message="C:\Users\Subhasri.Natarajan\git\Auto\Atmecs\resources\locators\expectedTile.properties (The system cannot find the file specified)">
      <![CDATA[java.io.FileNotFoundException: C:\Users\Subhasri.Natarajan\git\Auto\Atmecs\resources\locators\expectedTile.properties (The system cannot find the file specified)
at java.io.FileInputStream.open0(Native Method)
at java.io.FileInputStream.open(Unknown Source)
at java.io.FileInputStream.<init>(Unknown Source)
at java.io.FileReader.<init>(Unknown Source)
at com.atmecs.atmecsqa.utils.ConfigReader.loadProperty(ConfigReader.java:24)
at com.atmecs.atmecsqa.testscript.AboutUs.getAboutUsPage(AboutUs.java:23)
at com.atmecs.atmecsqa.testscript.AllPages.validateAllPages(AllPages.java:18)
... Removed 25 stack frames]]>
    </failure>
  </testcase> <!-- validateAllPages -->
</testsuite> <!-- Test -->
