<?xml version="1.0" encoding="UTF-8"?>
<!-- Generated by org.testng.reporters.JUnitXMLReporter -->
<testsuite hostname="ATMECSINDT-068" ignored="0" name="Test" tests="3" failures="0" timestamp="26 Aug 2019 08:44:07 GMT" time="252.454" errors="0">
  <testcase name="purchaseblack_tshirt" time="16.598" classname="com.atmecs.toolsqademoshop.testscript.PurchasedProductGrandTotalValidation"/>
  <testcase name="getaccountprotal" time="5.568" classname="com.atmecs.toolsqademoshop.testscript.ShopAccount"/>
  <testcase name="purchasedProdGrandTotalValidationAfterRemovalOneProduct" time="25.711" classname="com.atmecs.toolsqademoshop.testscript.PurchasedProductGrandTotalValidationAfterRemovalOneProduct"/>
</testsuite> <!-- Test -->
