<?xml version="1.0" encoding="UTF-8"?>
<!-- Generated by org.testng.reporters.JUnitXMLReporter -->
<testsuite hostname="ATMECSINDT-068" ignored="0" name="Test" tests="3" failures="0" timestamp="27 Aug 2019 09:41:34 GMT" time="105.678" errors="0">
  <testcase name="purchaseblack_tshirt" time="21.391" classname="com.atmecs.toolsqademoshop.testscript.PurchasedProductGrandTotalValidation"/>
  <testcase name="getaccountprotal" time="4.742" classname="com.atmecs.toolsqademoshop.testscript.ShopAccount"/>
  <testcase name="purchasedProdGrandTotalValidationAfterRemovalOneProduct" time="27.672" classname="com.atmecs.toolsqademoshop.testscript.PurchasedProductGrandTotalValidationAfterRemovalOneProduct"/>
</testsuite> <!-- Test -->
